C:\Users\USER\Desktop\לימודים\שיעורים\18 lesson\18 lesson's homework\18 lesson's homework\app.js
C:\Users\USER\Desktop\לימודים\שיעורים\18 lesson\18 lesson's homework\18 lesson's homework\app.js.map
C:\Users\USER\Desktop\לימודים\שיעורים\18 lesson\18 lesson's homework\18 lesson's homework\flightAttendant.js
C:\Users\USER\Desktop\לימודים\שיעורים\18 lesson\18 lesson's homework\18 lesson's homework\flightAttendant.js.map
C:\Users\USER\Desktop\לימודים\שיעורים\18 lesson\18 lesson's homework\18 lesson's homework\passenger.js
C:\Users\USER\Desktop\לימודים\שיעורים\18 lesson\18 lesson's homework\18 lesson's homework\passenger.js.map
C:\Users\USER\Desktop\לימודים\שיעורים\18 lesson\18 lesson's homework\18 lesson's homework\person.js
C:\Users\USER\Desktop\לימודים\שיעורים\18 lesson\18 lesson's homework\18 lesson's homework\person.js.map
C:\Users\USER\Desktop\לימודים\שיעורים\18 lesson\18 lesson's homework\18 lesson's homework\pilot.js
C:\Users\USER\Desktop\לימודים\שיעורים\18 lesson\18 lesson's homework\18 lesson's homework\pilot.js.map
C:\Users\USER\Desktop\לימודים\שיעורים\18 lesson\18 lesson's homework\18 lesson's homework\steward.js
C:\Users\USER\Desktop\לימודים\שיעורים\18 lesson\18 lesson's homework\18 lesson's homework\steward.js.map
C:\Users\USER\Desktop\לימודים\שיעורים\18 lesson\18 lesson's homework\18 lesson's homework\app.js
C:\Users\USER\Desktop\לימודים\שיעורים\18 lesson\18 lesson's homework\18 lesson's homework\app.js.map
C:\Users\USER\Desktop\לימודים\שיעורים\18 lesson\18 lesson's homework\18 lesson's homework\flightAttendant.js
C:\Users\USER\Desktop\לימודים\שיעורים\18 lesson\18 lesson's homework\18 lesson's homework\flightAttendant.js.map
C:\Users\USER\Desktop\לימודים\שיעורים\18 lesson\18 lesson's homework\18 lesson's homework\passenger.js
C:\Users\USER\Desktop\לימודים\שיעורים\18 lesson\18 lesson's homework\18 lesson's homework\passenger.js.map
C:\Users\USER\Desktop\לימודים\שיעורים\18 lesson\18 lesson's homework\18 lesson's homework\person.js
C:\Users\USER\Desktop\לימודים\שיעורים\18 lesson\18 lesson's homework\18 lesson's homework\person.js.map
C:\Users\USER\Desktop\לימודים\שיעורים\18 lesson\18 lesson's homework\18 lesson's homework\pilot.js
C:\Users\USER\Desktop\לימודים\שיעורים\18 lesson\18 lesson's homework\18 lesson's homework\pilot.js.map
C:\Users\USER\Desktop\לימודים\שיעורים\18 lesson\18 lesson's homework\18 lesson's homework\steward.js
C:\Users\USER\Desktop\לימודים\שיעורים\18 lesson\18 lesson's homework\18 lesson's homework\steward.js.map
C:\Users\USER\Desktop\לימודים\שיעורים\18 lesson\18 lesson's homework\18 lesson's homework\app.js
C:\Users\USER\Desktop\לימודים\שיעורים\18 lesson\18 lesson's homework\18 lesson's homework\app.js.map
C:\Users\USER\Desktop\לימודים\שיעורים\18 lesson\18 lesson's homework\18 lesson's homework\flightAttendant.js
C:\Users\USER\Desktop\לימודים\שיעורים\18 lesson\18 lesson's homework\18 lesson's homework\flightAttendant.js.map
C:\Users\USER\Desktop\לימודים\שיעורים\18 lesson\18 lesson's homework\18 lesson's homework\passenger.js
C:\Users\USER\Desktop\לימודים\שיעורים\18 lesson\18 lesson's homework\18 lesson's homework\passenger.js.map
C:\Users\USER\Desktop\לימודים\שיעורים\18 lesson\18 lesson's homework\18 lesson's homework\person.js
C:\Users\USER\Desktop\לימודים\שיעורים\18 lesson\18 lesson's homework\18 lesson's homework\person.js.map
C:\Users\USER\Desktop\לימודים\שיעורים\18 lesson\18 lesson's homework\18 lesson's homework\pilot.js
C:\Users\USER\Desktop\לימודים\שיעורים\18 lesson\18 lesson's homework\18 lesson's homework\pilot.js.map
C:\Users\USER\Desktop\לימודים\שיעורים\18 lesson\18 lesson's homework\18 lesson's homework\steward.js
C:\Users\USER\Desktop\לימודים\שיעורים\18 lesson\18 lesson's homework\18 lesson's homework\steward.js.map
C:\Users\USER\Desktop\לימודים\שיעורים\18 lesson\18 lesson's homework\18 lesson's homework\app.js
C:\Users\USER\Desktop\לימודים\שיעורים\18 lesson\18 lesson's homework\18 lesson's homework\app.js.map
C:\Users\USER\Desktop\לימודים\שיעורים\18 lesson\18 lesson's homework\18 lesson's homework\flightAttendant.js
C:\Users\USER\Desktop\לימודים\שיעורים\18 lesson\18 lesson's homework\18 lesson's homework\flightAttendant.js.map
C:\Users\USER\Desktop\לימודים\שיעורים\18 lesson\18 lesson's homework\18 lesson's homework\passenger.js
C:\Users\USER\Desktop\לימודים\שיעורים\18 lesson\18 lesson's homework\18 lesson's homework\passenger.js.map
C:\Users\USER\Desktop\לימודים\שיעורים\18 lesson\18 lesson's homework\18 lesson's homework\person.js
C:\Users\USER\Desktop\לימודים\שיעורים\18 lesson\18 lesson's homework\18 lesson's homework\person.js.map
C:\Users\USER\Desktop\לימודים\שיעורים\18 lesson\18 lesson's homework\18 lesson's homework\pilot.js
C:\Users\USER\Desktop\לימודים\שיעורים\18 lesson\18 lesson's homework\18 lesson's homework\pilot.js.map
C:\Users\USER\Desktop\לימודים\שיעורים\18 lesson\18 lesson's homework\18 lesson's homework\steward.js
C:\Users\USER\Desktop\לימודים\שיעורים\18 lesson\18 lesson's homework\18 lesson's homework\steward.js.map
C:\Users\USER\Desktop\לימודים\שיעורים\18 lesson\18 lesson's homework\18 lesson's homework\app.js
C:\Users\USER\Desktop\לימודים\שיעורים\18 lesson\18 lesson's homework\18 lesson's homework\app.js.map
C:\Users\USER\Desktop\לימודים\שיעורים\18 lesson\18 lesson's homework\18 lesson's homework\flightAttendant.js
C:\Users\USER\Desktop\לימודים\שיעורים\18 lesson\18 lesson's homework\18 lesson's homework\flightAttendant.js.map
C:\Users\USER\Desktop\לימודים\שיעורים\18 lesson\18 lesson's homework\18 lesson's homework\passenger.js
C:\Users\USER\Desktop\לימודים\שיעורים\18 lesson\18 lesson's homework\18 lesson's homework\passenger.js.map
C:\Users\USER\Desktop\לימודים\שיעורים\18 lesson\18 lesson's homework\18 lesson's homework\person.js
C:\Users\USER\Desktop\לימודים\שיעורים\18 lesson\18 lesson's homework\18 lesson's homework\person.js.map
C:\Users\USER\Desktop\לימודים\שיעורים\18 lesson\18 lesson's homework\18 lesson's homework\pilot.js
C:\Users\USER\Desktop\לימודים\שיעורים\18 lesson\18 lesson's homework\18 lesson's homework\pilot.js.map
C:\Users\USER\Desktop\לימודים\שיעורים\18 lesson\18 lesson's homework\18 lesson's homework\steward.js
C:\Users\USER\Desktop\לימודים\שיעורים\18 lesson\18 lesson's homework\18 lesson's homework\steward.js.map
C:\Users\USER\Desktop\v\18 lesson's homework\18 lesson's homework\app.js
C:\Users\USER\Desktop\v\18 lesson's homework\18 lesson's homework\app.js.map
C:\Users\USER\Desktop\v\18 lesson's homework\18 lesson's homework\flightAttendant.js
C:\Users\USER\Desktop\v\18 lesson's homework\18 lesson's homework\flightAttendant.js.map
C:\Users\USER\Desktop\v\18 lesson's homework\18 lesson's homework\passenger.js
C:\Users\USER\Desktop\v\18 lesson's homework\18 lesson's homework\passenger.js.map
C:\Users\USER\Desktop\v\18 lesson's homework\18 lesson's homework\person.js
C:\Users\USER\Desktop\v\18 lesson's homework\18 lesson's homework\person.js.map
C:\Users\USER\Desktop\v\18 lesson's homework\18 lesson's homework\pilot.js
C:\Users\USER\Desktop\v\18 lesson's homework\18 lesson's homework\pilot.js.map
C:\Users\USER\Desktop\v\18 lesson's homework\18 lesson's homework\steward.js
C:\Users\USER\Desktop\v\18 lesson's homework\18 lesson's homework\steward.js.map
