C:\Users\USER\Desktop\studies\lessons\21 lesson\21_lesson_homework\21_lesson_homework\app.js
C:\Users\USER\Desktop\studies\lessons\21 lesson\21_lesson_homework\21_lesson_homework\app.js.map
C:\Users\USER\Desktop\studies\lessons\21 lesson\21_lesson_homework\21_lesson_homework\bird.js
C:\Users\USER\Desktop\studies\lessons\21 lesson\21_lesson_homework\21_lesson_homework\bird.js.map
C:\Users\USER\Desktop\studies\lessons\21 lesson\21_lesson_homework\21_lesson_homework\iFly.js
C:\Users\USER\Desktop\studies\lessons\21 lesson\21_lesson_homework\21_lesson_homework\iFly.js.map
C:\Users\USER\Desktop\studies\lessons\21 lesson\21_lesson_homework\21_lesson_homework\kite.js
C:\Users\USER\Desktop\studies\lessons\21 lesson\21_lesson_homework\21_lesson_homework\kite.js.map
C:\Users\USER\Desktop\studies\lessons\21 lesson\21_lesson_homework\21_lesson_homework\plane.js
C:\Users\USER\Desktop\studies\lessons\21 lesson\21_lesson_homework\21_lesson_homework\plane.js.map
C:\Users\USER\Desktop\studies\lessons\21 lesson\21_lesson_homework\21_lesson_homework\app.js
C:\Users\USER\Desktop\studies\lessons\21 lesson\21_lesson_homework\21_lesson_homework\app.js.map
C:\Users\USER\Desktop\studies\lessons\21 lesson\21_lesson_homework\21_lesson_homework\bird.js
C:\Users\USER\Desktop\studies\lessons\21 lesson\21_lesson_homework\21_lesson_homework\bird.js.map
C:\Users\USER\Desktop\studies\lessons\21 lesson\21_lesson_homework\21_lesson_homework\iFly.js
C:\Users\USER\Desktop\studies\lessons\21 lesson\21_lesson_homework\21_lesson_homework\iFly.js.map
C:\Users\USER\Desktop\studies\lessons\21 lesson\21_lesson_homework\21_lesson_homework\kite.js
C:\Users\USER\Desktop\studies\lessons\21 lesson\21_lesson_homework\21_lesson_homework\kite.js.map
C:\Users\USER\Desktop\studies\lessons\21 lesson\21_lesson_homework\21_lesson_homework\plane.js
C:\Users\USER\Desktop\studies\lessons\21 lesson\21_lesson_homework\21_lesson_homework\plane.js.map
C:\Users\USER\Desktop\studies\lessons\21 lesson\21_lesson_homework\21_lesson_homework\app.js
C:\Users\USER\Desktop\studies\lessons\21 lesson\21_lesson_homework\21_lesson_homework\app.js.map
C:\Users\USER\Desktop\studies\lessons\21 lesson\21_lesson_homework\21_lesson_homework\bird.js
C:\Users\USER\Desktop\studies\lessons\21 lesson\21_lesson_homework\21_lesson_homework\bird.js.map
C:\Users\USER\Desktop\studies\lessons\21 lesson\21_lesson_homework\21_lesson_homework\iFly.js
C:\Users\USER\Desktop\studies\lessons\21 lesson\21_lesson_homework\21_lesson_homework\iFly.js.map
C:\Users\USER\Desktop\studies\lessons\21 lesson\21_lesson_homework\21_lesson_homework\kite.js
C:\Users\USER\Desktop\studies\lessons\21 lesson\21_lesson_homework\21_lesson_homework\kite.js.map
C:\Users\USER\Desktop\studies\lessons\21 lesson\21_lesson_homework\21_lesson_homework\plane.js
C:\Users\USER\Desktop\studies\lessons\21 lesson\21_lesson_homework\21_lesson_homework\plane.js.map
C:\Users\USER\Desktop\studies\lessons\21 lesson\21_lesson_homework\21_lesson_homework\app.js
C:\Users\USER\Desktop\studies\lessons\21 lesson\21_lesson_homework\21_lesson_homework\app.js.map
C:\Users\USER\Desktop\studies\lessons\21 lesson\21_lesson_homework\21_lesson_homework\bird.js
C:\Users\USER\Desktop\studies\lessons\21 lesson\21_lesson_homework\21_lesson_homework\bird.js.map
C:\Users\USER\Desktop\studies\lessons\21 lesson\21_lesson_homework\21_lesson_homework\iFly.js
C:\Users\USER\Desktop\studies\lessons\21 lesson\21_lesson_homework\21_lesson_homework\iFly.js.map
C:\Users\USER\Desktop\studies\lessons\21 lesson\21_lesson_homework\21_lesson_homework\kite.js
C:\Users\USER\Desktop\studies\lessons\21 lesson\21_lesson_homework\21_lesson_homework\kite.js.map
C:\Users\USER\Desktop\studies\lessons\21 lesson\21_lesson_homework\21_lesson_homework\plane.js
C:\Users\USER\Desktop\studies\lessons\21 lesson\21_lesson_homework\21_lesson_homework\plane.js.map
