C:\Users\USER\Desktop\studies\lessons\20 lesson\20_lesson_homework\20_lesson_homework\app.js
C:\Users\USER\Desktop\studies\lessons\20 lesson\20_lesson_homework\20_lesson_homework\app.js.map
C:\Users\USER\Desktop\studies\lessons\20 lesson\20_lesson_homework\20_lesson_homework\basicDate.js
C:\Users\USER\Desktop\studies\lessons\20 lesson\20_lesson_homework\20_lesson_homework\basicDate.js.map
C:\Users\USER\Desktop\studies\lessons\20 lesson\20_lesson_homework\20_lesson_homework\fullTime.js
C:\Users\USER\Desktop\studies\lessons\20 lesson\20_lesson_homework\20_lesson_homework\fullTime.js.map
C:\Users\USER\Desktop\studies\lessons\20 lesson\20_lesson_homework\20_lesson_homework\product.js
C:\Users\USER\Desktop\studies\lessons\20 lesson\20_lesson_homework\20_lesson_homework\product.js.map
C:\Users\USER\Desktop\studies\lessons\20 lesson\20_lesson_homework\20_lesson_homework\app.js
C:\Users\USER\Desktop\studies\lessons\20 lesson\20_lesson_homework\20_lesson_homework\app.js.map
C:\Users\USER\Desktop\studies\lessons\20 lesson\20_lesson_homework\20_lesson_homework\basicDate.js
C:\Users\USER\Desktop\studies\lessons\20 lesson\20_lesson_homework\20_lesson_homework\basicDate.js.map
C:\Users\USER\Desktop\studies\lessons\20 lesson\20_lesson_homework\20_lesson_homework\fullTime.js
C:\Users\USER\Desktop\studies\lessons\20 lesson\20_lesson_homework\20_lesson_homework\fullTime.js.map
C:\Users\USER\Desktop\studies\lessons\20 lesson\20_lesson_homework\20_lesson_homework\product.js
C:\Users\USER\Desktop\studies\lessons\20 lesson\20_lesson_homework\20_lesson_homework\product.js.map
C:\Users\USER\Desktop\studies\lessons\20 lesson\20_lesson_homework\20_lesson_homework\app.js
C:\Users\USER\Desktop\studies\lessons\20 lesson\20_lesson_homework\20_lesson_homework\app.js.map
C:\Users\USER\Desktop\studies\lessons\20 lesson\20_lesson_homework\20_lesson_homework\basicDate.js
C:\Users\USER\Desktop\studies\lessons\20 lesson\20_lesson_homework\20_lesson_homework\basicDate.js.map
C:\Users\USER\Desktop\studies\lessons\20 lesson\20_lesson_homework\20_lesson_homework\fullTime.js
C:\Users\USER\Desktop\studies\lessons\20 lesson\20_lesson_homework\20_lesson_homework\fullTime.js.map
C:\Users\USER\Desktop\studies\lessons\20 lesson\20_lesson_homework\20_lesson_homework\product.js
C:\Users\USER\Desktop\studies\lessons\20 lesson\20_lesson_homework\20_lesson_homework\product.js.map
C:\Users\USER\Desktop\studies\lessons\20 lesson\20_lesson_homework\20_lesson_homework\app.js
C:\Users\USER\Desktop\studies\lessons\20 lesson\20_lesson_homework\20_lesson_homework\app.js.map
C:\Users\USER\Desktop\studies\lessons\20 lesson\20_lesson_homework\20_lesson_homework\basicDate.js
C:\Users\USER\Desktop\studies\lessons\20 lesson\20_lesson_homework\20_lesson_homework\basicDate.js.map
C:\Users\USER\Desktop\studies\lessons\20 lesson\20_lesson_homework\20_lesson_homework\fullTime.js
C:\Users\USER\Desktop\studies\lessons\20 lesson\20_lesson_homework\20_lesson_homework\fullTime.js.map
C:\Users\USER\Desktop\studies\lessons\20 lesson\20_lesson_homework\20_lesson_homework\product.js
C:\Users\USER\Desktop\studies\lessons\20 lesson\20_lesson_homework\20_lesson_homework\product.js.map
C:\Users\USER\Desktop\studies\lessons\20 lesson\20_lesson_homework\20_lesson_homework\app.js
C:\Users\USER\Desktop\studies\lessons\20 lesson\20_lesson_homework\20_lesson_homework\app.js.map
C:\Users\USER\Desktop\studies\lessons\20 lesson\20_lesson_homework\20_lesson_homework\basicDate.js
C:\Users\USER\Desktop\studies\lessons\20 lesson\20_lesson_homework\20_lesson_homework\basicDate.js.map
C:\Users\USER\Desktop\studies\lessons\20 lesson\20_lesson_homework\20_lesson_homework\fullTime.js
C:\Users\USER\Desktop\studies\lessons\20 lesson\20_lesson_homework\20_lesson_homework\fullTime.js.map
C:\Users\USER\Desktop\studies\lessons\20 lesson\20_lesson_homework\20_lesson_homework\product.js
C:\Users\USER\Desktop\studies\lessons\20 lesson\20_lesson_homework\20_lesson_homework\product.js.map
C:\Users\USER\Desktop\studies\lessons\20 lesson\20_lesson_homework\20_lesson_homework\app.js
C:\Users\USER\Desktop\studies\lessons\20 lesson\20_lesson_homework\20_lesson_homework\app.js.map
C:\Users\USER\Desktop\studies\lessons\20 lesson\20_lesson_homework\20_lesson_homework\basicDate.js
C:\Users\USER\Desktop\studies\lessons\20 lesson\20_lesson_homework\20_lesson_homework\basicDate.js.map
C:\Users\USER\Desktop\studies\lessons\20 lesson\20_lesson_homework\20_lesson_homework\fullTime.js
C:\Users\USER\Desktop\studies\lessons\20 lesson\20_lesson_homework\20_lesson_homework\fullTime.js.map
C:\Users\USER\Desktop\studies\lessons\20 lesson\20_lesson_homework\20_lesson_homework\product.js
C:\Users\USER\Desktop\studies\lessons\20 lesson\20_lesson_homework\20_lesson_homework\product.js.map
C:\Users\USER\Desktop\studies\lessons\20 lesson\20_lesson_homework\20_lesson_homework\app.js
C:\Users\USER\Desktop\studies\lessons\20 lesson\20_lesson_homework\20_lesson_homework\app.js.map
C:\Users\USER\Desktop\studies\lessons\20 lesson\20_lesson_homework\20_lesson_homework\basicDate.js
C:\Users\USER\Desktop\studies\lessons\20 lesson\20_lesson_homework\20_lesson_homework\basicDate.js.map
C:\Users\USER\Desktop\studies\lessons\20 lesson\20_lesson_homework\20_lesson_homework\fullTime.js
C:\Users\USER\Desktop\studies\lessons\20 lesson\20_lesson_homework\20_lesson_homework\fullTime.js.map
C:\Users\USER\Desktop\studies\lessons\20 lesson\20_lesson_homework\20_lesson_homework\product.js
C:\Users\USER\Desktop\studies\lessons\20 lesson\20_lesson_homework\20_lesson_homework\product.js.map
C:\Users\USER\Desktop\studies\lessons\20 lesson\20_lesson_homework\20_lesson_homework\app.js
C:\Users\USER\Desktop\studies\lessons\20 lesson\20_lesson_homework\20_lesson_homework\app.js.map
C:\Users\USER\Desktop\studies\lessons\20 lesson\20_lesson_homework\20_lesson_homework\basicDate.js
C:\Users\USER\Desktop\studies\lessons\20 lesson\20_lesson_homework\20_lesson_homework\basicDate.js.map
C:\Users\USER\Desktop\studies\lessons\20 lesson\20_lesson_homework\20_lesson_homework\fullTime.js
C:\Users\USER\Desktop\studies\lessons\20 lesson\20_lesson_homework\20_lesson_homework\fullTime.js.map
C:\Users\USER\Desktop\studies\lessons\20 lesson\20_lesson_homework\20_lesson_homework\product.js
C:\Users\USER\Desktop\studies\lessons\20 lesson\20_lesson_homework\20_lesson_homework\product.js.map
C:\Users\USER\Desktop\v\20_lesson_homework\20_lesson_homework\app.js
C:\Users\USER\Desktop\v\20_lesson_homework\20_lesson_homework\app.js.map
C:\Users\USER\Desktop\v\20_lesson_homework\20_lesson_homework\basicDate.js
C:\Users\USER\Desktop\v\20_lesson_homework\20_lesson_homework\basicDate.js.map
C:\Users\USER\Desktop\v\20_lesson_homework\20_lesson_homework\fullTime.js
C:\Users\USER\Desktop\v\20_lesson_homework\20_lesson_homework\fullTime.js.map
C:\Users\USER\Desktop\v\20_lesson_homework\20_lesson_homework\product.js
C:\Users\USER\Desktop\v\20_lesson_homework\20_lesson_homework\product.js.map
C:\Users\USER\Desktop\v\20_lesson_homework\20_lesson_homework\app.js
C:\Users\USER\Desktop\v\20_lesson_homework\20_lesson_homework\app.js.map
C:\Users\USER\Desktop\v\20_lesson_homework\20_lesson_homework\basicDate.js
C:\Users\USER\Desktop\v\20_lesson_homework\20_lesson_homework\basicDate.js.map
C:\Users\USER\Desktop\v\20_lesson_homework\20_lesson_homework\fullTime.js
C:\Users\USER\Desktop\v\20_lesson_homework\20_lesson_homework\fullTime.js.map
C:\Users\USER\Desktop\v\20_lesson_homework\20_lesson_homework\product.js
C:\Users\USER\Desktop\v\20_lesson_homework\20_lesson_homework\product.js.map
C:\Users\USER\Desktop\v\20_lesson_homework\20_lesson_homework\app.js
C:\Users\USER\Desktop\v\20_lesson_homework\20_lesson_homework\app.js.map
C:\Users\USER\Desktop\v\20_lesson_homework\20_lesson_homework\basicDate.js
C:\Users\USER\Desktop\v\20_lesson_homework\20_lesson_homework\basicDate.js.map
C:\Users\USER\Desktop\v\20_lesson_homework\20_lesson_homework\fullTime.js
C:\Users\USER\Desktop\v\20_lesson_homework\20_lesson_homework\fullTime.js.map
C:\Users\USER\Desktop\v\20_lesson_homework\20_lesson_homework\product.js
C:\Users\USER\Desktop\v\20_lesson_homework\20_lesson_homework\product.js.map
C:\Users\USER\Desktop\v\20_lesson_homework\20_lesson_homework\app.js
C:\Users\USER\Desktop\v\20_lesson_homework\20_lesson_homework\app.js.map
C:\Users\USER\Desktop\v\20_lesson_homework\20_lesson_homework\basicDate.js
C:\Users\USER\Desktop\v\20_lesson_homework\20_lesson_homework\basicDate.js.map
C:\Users\USER\Desktop\v\20_lesson_homework\20_lesson_homework\fullTime.js
C:\Users\USER\Desktop\v\20_lesson_homework\20_lesson_homework\fullTime.js.map
C:\Users\USER\Desktop\v\20_lesson_homework\20_lesson_homework\product.js
C:\Users\USER\Desktop\v\20_lesson_homework\20_lesson_homework\product.js.map
C:\Users\USER\Desktop\v\20_lesson_homework\20_lesson_homework\app.js
C:\Users\USER\Desktop\v\20_lesson_homework\20_lesson_homework\app.js.map
C:\Users\USER\Desktop\v\20_lesson_homework\20_lesson_homework\basicDate.js
C:\Users\USER\Desktop\v\20_lesson_homework\20_lesson_homework\basicDate.js.map
C:\Users\USER\Desktop\v\20_lesson_homework\20_lesson_homework\fullTime.js
C:\Users\USER\Desktop\v\20_lesson_homework\20_lesson_homework\fullTime.js.map
C:\Users\USER\Desktop\v\20_lesson_homework\20_lesson_homework\product.js
C:\Users\USER\Desktop\v\20_lesson_homework\20_lesson_homework\product.js.map
C:\Users\USER\Desktop\v\20_lesson_homework\20_lesson_homework\app.js
C:\Users\USER\Desktop\v\20_lesson_homework\20_lesson_homework\app.js.map
C:\Users\USER\Desktop\v\20_lesson_homework\20_lesson_homework\basicDate.js
C:\Users\USER\Desktop\v\20_lesson_homework\20_lesson_homework\basicDate.js.map
C:\Users\USER\Desktop\v\20_lesson_homework\20_lesson_homework\fullTime.js
C:\Users\USER\Desktop\v\20_lesson_homework\20_lesson_homework\fullTime.js.map
C:\Users\USER\Desktop\v\20_lesson_homework\20_lesson_homework\product.js
C:\Users\USER\Desktop\v\20_lesson_homework\20_lesson_homework\product.js.map
C:\Users\USER\Desktop\v\20_lesson_homework\20_lesson_homework\app.js
C:\Users\USER\Desktop\v\20_lesson_homework\20_lesson_homework\app.js.map
C:\Users\USER\Desktop\v\20_lesson_homework\20_lesson_homework\basicDate.js
C:\Users\USER\Desktop\v\20_lesson_homework\20_lesson_homework\basicDate.js.map
C:\Users\USER\Desktop\v\20_lesson_homework\20_lesson_homework\fullTime.js
C:\Users\USER\Desktop\v\20_lesson_homework\20_lesson_homework\fullTime.js.map
C:\Users\USER\Desktop\v\20_lesson_homework\20_lesson_homework\product.js
C:\Users\USER\Desktop\v\20_lesson_homework\20_lesson_homework\product.js.map
