C:\Users\USER\Desktop\studies\lessons\19 lesson\19 lesson's homework\19 lesson's homework\app.js
C:\Users\USER\Desktop\studies\lessons\19 lesson\19 lesson's homework\19 lesson's homework\app.js.map
C:\Users\USER\Desktop\studies\lessons\19 lesson\19 lesson's homework\19 lesson's homework\cinema.js
C:\Users\USER\Desktop\studies\lessons\19 lesson\19 lesson's homework\19 lesson's homework\cinema.js.map
C:\Users\USER\Desktop\studies\lessons\19 lesson\19 lesson's homework\19 lesson's homework\person.js
C:\Users\USER\Desktop\studies\lessons\19 lesson\19 lesson's homework\19 lesson's homework\person.js.map
C:\Users\USER\Desktop\studies\lessons\19 lesson\19 lesson's homework\19 lesson's homework\employee.js
C:\Users\USER\Desktop\studies\lessons\19 lesson\19 lesson's homework\19 lesson's homework\employee.js.map
C:\Users\USER\Desktop\studies\lessons\19 lesson\19 lesson's homework\19 lesson's homework\student.js
C:\Users\USER\Desktop\studies\lessons\19 lesson\19 lesson's homework\19 lesson's homework\student.js.map
C:\Users\USER\Desktop\studies\lessons\19 lesson\19 lesson's homework\19 lesson's homework\teacher.js
C:\Users\USER\Desktop\studies\lessons\19 lesson\19 lesson's homework\19 lesson's homework\teacher.js.map
C:\Users\USER\Desktop\studies\lessons\19 lesson\19 lesson's homework\19 lesson's homework\app.js
C:\Users\USER\Desktop\studies\lessons\19 lesson\19 lesson's homework\19 lesson's homework\app.js.map
C:\Users\USER\Desktop\studies\lessons\19 lesson\19 lesson's homework\19 lesson's homework\cinema.js
C:\Users\USER\Desktop\studies\lessons\19 lesson\19 lesson's homework\19 lesson's homework\cinema.js.map
C:\Users\USER\Desktop\studies\lessons\19 lesson\19 lesson's homework\19 lesson's homework\person.js
C:\Users\USER\Desktop\studies\lessons\19 lesson\19 lesson's homework\19 lesson's homework\person.js.map
C:\Users\USER\Desktop\studies\lessons\19 lesson\19 lesson's homework\19 lesson's homework\employee.js
C:\Users\USER\Desktop\studies\lessons\19 lesson\19 lesson's homework\19 lesson's homework\employee.js.map
C:\Users\USER\Desktop\studies\lessons\19 lesson\19 lesson's homework\19 lesson's homework\student.js
C:\Users\USER\Desktop\studies\lessons\19 lesson\19 lesson's homework\19 lesson's homework\student.js.map
C:\Users\USER\Desktop\studies\lessons\19 lesson\19 lesson's homework\19 lesson's homework\teacher.js
C:\Users\USER\Desktop\studies\lessons\19 lesson\19 lesson's homework\19 lesson's homework\teacher.js.map
C:\Users\USER\Desktop\studies\lessons\19 lesson\19 lesson's homework\19 lesson's homework\app.js
C:\Users\USER\Desktop\studies\lessons\19 lesson\19 lesson's homework\19 lesson's homework\app.js.map
C:\Users\USER\Desktop\studies\lessons\19 lesson\19 lesson's homework\19 lesson's homework\cinema.js
C:\Users\USER\Desktop\studies\lessons\19 lesson\19 lesson's homework\19 lesson's homework\cinema.js.map
C:\Users\USER\Desktop\studies\lessons\19 lesson\19 lesson's homework\19 lesson's homework\person.js
C:\Users\USER\Desktop\studies\lessons\19 lesson\19 lesson's homework\19 lesson's homework\person.js.map
C:\Users\USER\Desktop\studies\lessons\19 lesson\19 lesson's homework\19 lesson's homework\employee.js
C:\Users\USER\Desktop\studies\lessons\19 lesson\19 lesson's homework\19 lesson's homework\employee.js.map
C:\Users\USER\Desktop\studies\lessons\19 lesson\19 lesson's homework\19 lesson's homework\student.js
C:\Users\USER\Desktop\studies\lessons\19 lesson\19 lesson's homework\19 lesson's homework\student.js.map
C:\Users\USER\Desktop\studies\lessons\19 lesson\19 lesson's homework\19 lesson's homework\teacher.js
C:\Users\USER\Desktop\studies\lessons\19 lesson\19 lesson's homework\19 lesson's homework\teacher.js.map
C:\Users\USER\Desktop\studies\lessons\19 lesson\19 lesson's homework\19 lesson's homework\app.js
C:\Users\USER\Desktop\studies\lessons\19 lesson\19 lesson's homework\19 lesson's homework\app.js.map
C:\Users\USER\Desktop\studies\lessons\19 lesson\19 lesson's homework\19 lesson's homework\cinema.js
C:\Users\USER\Desktop\studies\lessons\19 lesson\19 lesson's homework\19 lesson's homework\cinema.js.map
C:\Users\USER\Desktop\studies\lessons\19 lesson\19 lesson's homework\19 lesson's homework\person.js
C:\Users\USER\Desktop\studies\lessons\19 lesson\19 lesson's homework\19 lesson's homework\person.js.map
C:\Users\USER\Desktop\studies\lessons\19 lesson\19 lesson's homework\19 lesson's homework\employee.js
C:\Users\USER\Desktop\studies\lessons\19 lesson\19 lesson's homework\19 lesson's homework\employee.js.map
C:\Users\USER\Desktop\studies\lessons\19 lesson\19 lesson's homework\19 lesson's homework\student.js
C:\Users\USER\Desktop\studies\lessons\19 lesson\19 lesson's homework\19 lesson's homework\student.js.map
C:\Users\USER\Desktop\studies\lessons\19 lesson\19 lesson's homework\19 lesson's homework\teacher.js
C:\Users\USER\Desktop\studies\lessons\19 lesson\19 lesson's homework\19 lesson's homework\teacher.js.map
